<?xml version="1.0" encoding="UTF-8"?>
<!-- Generated by org.testng.reporters.JUnitXMLReporter -->
<testsuite ignored="14" hostname="LAPTOP-QKCURUKN" failures="0" tests="1" name="Default test" time="17.967" errors="0" timestamp="2024-08-20T10:05:17 IST">
  <testcase classname="com.quantum.LoginTestCases" name="Loginwithinvalidcred" time="11.796"/>
  <testcase classname="com.quantum.LoginTestCases" name="testLoginLinkNavigatesToLoginPage" time="0.0">
    <ignored/>
  </testcase> <!-- testLoginLinkNavigatesToLoginPage -->
  <testcase classname="com.quantum.LoginTestCases" name="testSignupLinkIsDisplayed" time="0.0">
    <ignored/>
  </testcase> <!-- testSignupLinkIsDisplayed -->
  <testcase classname="com.quantum.LoginTestCases" name="testEmailFieldPresence" time="0.0">
    <ignored/>
  </testcase> <!-- testEmailFieldPresence -->
  <testcase classname="com.quantum.LoginTestCases" name="testForgotPasswordLink" time="0.0">
    <ignored/>
  </testcase> <!-- testForgotPasswordLink -->
  <testcase classname="com.quantum.LoginTestCases" name="testEmailFieldAcceptsInput" time="0.0">
    <ignored/>
  </testcase> <!-- testEmailFieldAcceptsInput -->
  <testcase classname="com.quantum.LoginTestCases" name="testHomeLinkIsDisplayed" time="0.0">
    <ignored/>
  </testcase> <!-- testHomeLinkIsDisplayed -->
  <testcase classname="com.quantum.LoginTestCases" name="SuccessfulLogin" time="0.0">
    <ignored/>
  </testcase> <!-- SuccessfulLogin -->
  <testcase classname="com.quantum.LoginTestCases" name="testPasswordFieldPlaceholder" time="0.0">
    <ignored/>
  </testcase> <!-- testPasswordFieldPlaceholder -->
  <testcase classname="com.quantum.LoginTestCases" name="testSignupLinkNavigatesToSignupPage" time="0.0">
    <ignored/>
  </testcase> <!-- testSignupLinkNavigatesToSignupPage -->
  <testcase classname="com.quantum.LoginTestCases" name="testSignUpLink" time="0.0">
    <ignored/>
  </testcase> <!-- testSignUpLink -->
  <testcase classname="com.quantum.LoginTestCases" name="testPasswordFieldAcceptsInput" time="0.0">
    <ignored/>
  </testcase> <!-- testPasswordFieldAcceptsInput -->
  <testcase classname="com.quantum.LoginTestCases" name="testEmailFieldPlaceholder" time="0.0">
    <ignored/>
  </testcase> <!-- testEmailFieldPlaceholder -->
  <testcase classname="com.quantum.LoginTestCases" name="testPasswordFieldPresence" time="0.0">
    <ignored/>
  </testcase> <!-- testPasswordFieldPresence -->
  <testcase classname="com.quantum.LoginTestCases" name="testPageTitle" time="0.0">
    <ignored/>
  </testcase> <!-- testPageTitle -->
</testsuite> <!-- Default test -->
