<?xml version="1.0" encoding="UTF-8"?>
<testng-results ignored="0" total="1" passed="1" failed="0" skipped="0">
  <reporter-output>
  </reporter-output>
  <suite started-at="2024-08-23T15:38:57 IST" name="Default suite" finished-at="2024-08-23T15:39:08 IST" duration-ms="10259">
    <groups>
    </groups>
    <test started-at="2024-08-23T15:38:57 IST" name="Default test" finished-at="2024-08-23T15:39:08 IST" duration-ms="10259">
      <class name="com.quantum.SignUp">
        <test-method is-config="true" signature="setUp()[pri:0, instance:com.quantum.SignUp@71e5f61d]" started-at="2024-08-23T15:38:57 IST" name="setUp" finished-at="2024-08-23T15:39:01 IST" duration-ms="3305" status="PASS">
          <reporter-output>
          </reporter-output>
        </test-method> <!-- setUp -->
        <test-method signature="Signup()[pri:0, instance:com.quantum.SignUp@71e5f61d]" started-at="2024-08-23T15:39:01 IST" name="Signup" finished-at="2024-08-23T15:39:07 IST" duration-ms="6308" status="PASS">
          <reporter-output>
          </reporter-output>
        </test-method> <!-- Signup -->
        <test-method is-config="true" signature="teardown()[pri:0, instance:com.quantum.SignUp@71e5f61d]" started-at="2024-08-23T15:39:07 IST" name="teardown" finished-at="2024-08-23T15:39:08 IST" duration-ms="539" status="PASS">
          <reporter-output>
          </reporter-output>
        </test-method> <!-- teardown -->
      </class> <!-- com.quantum.SignUp -->
    </test> <!-- Default test -->
  </suite> <!-- Default suite -->
</testng-results>
